<?xml version="1.0" encoding="UTF-8"?>
<!-- Generated by org.testng.reporters.JUnitReportReporter -->
<testsuite hostname="LAPTOP-6CKLBB2R" failures="0" tests="1" name="EbookTest.LoginUserTest" time="44.745" errors="0" timestamp="2023-05-01T11:45:21 IST" skipped="0">
  <testcase classname="EbookTest.LoginUserTest" name="loginTest" time="44.745"/>
  <system-out/>
</testsuite> <!-- EbookTest.LoginUserTest -->
