<?xml version="1.0" encoding="UTF-8"?>
<!-- Generated by org.testng.reporters.JUnitReportReporter -->
<testsuite hostname="LAPTOP-6CKLBB2R" failures="0" tests="1" name="EbookTest.LoginUserTest" time="5.367" errors="0" timestamp="2023-04-30T16:29:50 IST" skipped="0">
  <testcase classname="EbookTest.LoginUserTest" name="loginTest" time="5.367"/>
  <system-out/>
</testsuite> <!-- EbookTest.LoginUserTest -->
