<?xml version="1.0" encoding="UTF-8"?>
<!-- Generated by org.testng.reporters.JUnitReportReporter -->
<testsuite hostname="LAPTOP-6CKLBB2R" failures="0" tests="1" name="EbookTest.AdminOrdersDetailTest" time="7.705" errors="0" timestamp="2023-05-01T11:45:21 IST" skipped="0">
  <testcase classname="EbookTest.AdminOrdersDetailTest" name="userTest" time="7.705"/>
  <system-out/>
</testsuite> <!-- EbookTest.AdminOrdersDetailTest -->
