<?xml version="1.0" encoding="UTF-8"?>
<!-- Generated by org.testng.reporters.JUnitReportReporter -->
<testsuite hostname="LAPTOP-6CKLBB2R" failures="0" tests="1" name="EbookTest.AdminOrdersDetailTest" time="5.995" errors="0" timestamp="2023-05-02T04:28:56 IST" skipped="0">
  <testcase classname="EbookTest.AdminOrdersDetailTest" name="userTest" time="5.995"/>
  <system-out/>
</testsuite> <!-- EbookTest.AdminOrdersDetailTest -->
