<?xml version="1.0" encoding="UTF-8"?>
<!-- Generated by org.testng.reporters.JUnitReportReporter -->
<testsuite hostname="LAPTOP-6CKLBB2R" failures="0" tests="1" name="EbookTest.LoginUserTest" time="4.213" errors="0" timestamp="2023-04-29T10:21:15 IST" skipped="0">
  <testcase classname="EbookTest.LoginUserTest" name="searchTest" time="4.213"/>
  <system-out/>
</testsuite> <!-- EbookTest.LoginUserTest -->
