<?xml version="1.0" encoding="UTF-8"?>
<!-- Generated by org.testng.reporters.JUnitReportReporter -->
<testsuite hostname="LAPTOP-6CKLBB2R" failures="0" tests="1" name="EbookTest.HomeTest" time="4.248" errors="0" timestamp="2023-04-30T15:36:34 IST" skipped="0">
  <testcase classname="EbookTest.HomeTest" name="homeTest" time="4.248"/>
  <system-out/>
</testsuite> <!-- EbookTest.HomeTest -->
