<?xml version="1.0" encoding="UTF-8"?>
<!-- Generated by org.testng.reporters.JUnitReportReporter -->
<testsuite hostname="LAPTOP-6CKLBB2R" failures="0" tests="1" name="EbookTest.LoginAdminTest" time="5.014" errors="0" timestamp="2023-05-02T07:12:20 IST" skipped="0">
  <testcase classname="EbookTest.LoginAdminTest" name="adminlogTest" time="5.014"/>
  <system-out/>
</testsuite> <!-- EbookTest.LoginAdminTest -->
