<?xml version="1.0" encoding="UTF-8"?>
<!-- Generated by org.testng.reporters.JUnitReportReporter -->
<testsuite hostname="LAPTOP-6CKLBB2R" failures="0" tests="1" name="EbookTest.RegisterTest" time="4.495" errors="0" timestamp="2023-04-30T16:29:50 IST" skipped="0">
  <testcase classname="EbookTest.RegisterTest" name="registerTest" time="4.495"/>
  <system-out/>
</testsuite> <!-- EbookTest.RegisterTest -->
