<?xml version="1.0" encoding="UTF-8"?>
<!-- Generated by org.testng.reporters.JUnitReportReporter -->
<testsuite hostname="LAPTOP-6CKLBB2R" failures="0" tests="1" name="EbookTest.RegisterTest" time="4.690" errors="0" timestamp="2023-04-28T23:22:34 IST" skipped="0">
  <testcase classname="EbookTest.RegisterTest" name="searchTest" time="4.690"/>
  <system-out/>
</testsuite> <!-- EbookTest.RegisterTest -->
